<?xml version="1.0" encoding="UTF-8"?>
<!-- Generated by org.testng.reporters.JUnitXMLReporter -->
<testsuite ignored="0" hostname="CSCO-W-PF2S45G1" failures="0" tests="5" name="Default test" time="27.306" errors="0" timestamp="2023-05-21T08:43:40 IST">
  <testcase classname="Capstone_project.Sauce_demo.Buy_product_steps_test" name="Login" time="4.302"/>
  <testcase classname="Capstone_project.Sauce_demo.Buy_product_steps_test" name="View_product_and_add_to_cart" time="7.167"/>
  <testcase classname="Capstone_project.Sauce_demo.Buy_product_steps_test" name="View_cart_checkout_cart" time="4.115"/>
  <testcase classname="Capstone_project.Sauce_demo.Buy_product_steps_test" name="Complete_checkout" time="4.335"/>
  <testcase classname="Capstone_project.Sauce_demo.Buy_product_steps_test" name="Order_success_validation" time="2.051"/>
</testsuite> <!-- Default test -->
