<?xml version="1.0" encoding="UTF-8"?>
<testng-results ignored="0" total="5" passed="5" failed="0" skipped="0">
  <reporter-output>
  </reporter-output>
  <suite started-at="2023-05-21T09:02:39 IST" name="Suite" finished-at="2023-05-21T09:03:11 IST" duration-ms="31731">
    <groups>
    </groups>
    <test started-at="2023-05-21T09:02:39 IST" name="Test" finished-at="2023-05-21T09:03:11 IST" duration-ms="31731">
      <class name="Capstone_project.Sauce_demo.Buy_product_steps_test">
        <test-method is-config="true" signature="setup()[pri:0, instance:Capstone_project.Sauce_demo.Buy_product_steps_test@ab7395e]" started-at="2023-05-21T09:02:39 IST" name="setup" finished-at="2023-05-21T09:02:45 IST" duration-ms="6188" status="PASS">
          <reporter-output>
          </reporter-output>
        </test-method> <!-- setup -->
        <test-method signature="Login()[pri:0, instance:Capstone_project.Sauce_demo.Buy_product_steps_test@ab7395e]" started-at="2023-05-21T09:02:45 IST" name="Login" finished-at="2023-05-21T09:02:52 IST" duration-ms="6656" status="PASS">
          <reporter-output>
          </reporter-output>
        </test-method> <!-- Login -->
        <test-method signature="View_product_and_add_to_cart()[pri:1, instance:Capstone_project.Sauce_demo.Buy_product_steps_test@ab7395e]" started-at="2023-05-21T09:02:52 IST" name="View_product_and_add_to_cart" finished-at="2023-05-21T09:02:59 IST" depends-on-methods="Capstone_project.Sauce_demo.Buy_product_steps_test.Login" duration-ms="7220" status="PASS">
          <reporter-output>
          </reporter-output>
        </test-method> <!-- View_product_and_add_to_cart -->
        <test-method signature="View_cart_checkout_cart()[pri:2, instance:Capstone_project.Sauce_demo.Buy_product_steps_test@ab7395e]" started-at="2023-05-21T09:02:59 IST" name="View_cart_checkout_cart" finished-at="2023-05-21T09:03:03 IST" depends-on-methods="Capstone_project.Sauce_demo.Buy_product_steps_test.View_product_and_add_to_cart" duration-ms="4191" status="PASS">
          <reporter-output>
          </reporter-output>
        </test-method> <!-- View_cart_checkout_cart -->
        <test-method signature="Complete_checkout()[pri:3, instance:Capstone_project.Sauce_demo.Buy_product_steps_test@ab7395e]" started-at="2023-05-21T09:03:03 IST" name="Complete_checkout" finished-at="2023-05-21T09:03:08 IST" duration-ms="4493" status="PASS">
          <reporter-output>
          </reporter-output>
        </test-method> <!-- Complete_checkout -->
        <test-method signature="Order_success_validation()[pri:4, instance:Capstone_project.Sauce_demo.Buy_product_steps_test@ab7395e]" started-at="2023-05-21T09:03:08 IST" name="Order_success_validation" finished-at="2023-05-21T09:03:10 IST" duration-ms="2054" status="PASS">
          <reporter-output>
          </reporter-output>
        </test-method> <!-- Order_success_validation -->
        <test-method is-config="true" signature="Teardown()[pri:0, instance:Capstone_project.Sauce_demo.Buy_product_steps_test@ab7395e]" started-at="2023-05-21T09:03:10 IST" name="Teardown" finished-at="2023-05-21T09:03:11 IST" duration-ms="864" status="PASS">
          <reporter-output>
          </reporter-output>
        </test-method> <!-- Teardown -->
      </class> <!-- Capstone_project.Sauce_demo.Buy_product_steps_test -->
    </test> <!-- Test -->
  </suite> <!-- Suite -->
</testng-results>
